2021-12-20 10:59:09.562 INFO  com.chun.wiki.WikiApplication                     :55   [32m                  [0;39m Starting WikiApplication on PC-20210331DUDW with PID 17368 (E:\chun\code\java\wiki\target\classes started by Administrator in E:\chun\code\java\wiki)
2021-12-20 10:59:09.567 INFO  com.chun.wiki.WikiApplication                     :655  [32m                  [0;39m The following profiles are active: dev
2021-12-20 10:59:09.638 INFO  o.s.b.d.env.DevToolsPropertyDefaultsPostProcessor :225  [32m                  [0;39m Devtools property defaults active! Set 'spring.devtools.add-properties' to 'false' to disable
2021-12-20 10:59:09.638 INFO  o.s.b.d.env.DevToolsPropertyDefaultsPostProcessor :225  [32m                  [0;39m For additional web related logging consider setting the 'logging.level.web' property to 'DEBUG'
2021-12-20 10:59:10.728 INFO  o.s.c.s.PostProcessorRegistrationDelegate$BeanPostProcessorChecker:330  [32m                  [0;39m Bean 'org.springframework.transaction.annotation.ProxyTransactionManagementConfiguration' of type [org.springframework.transaction.annotation.ProxyTransactionManagementConfiguration] is not eligible for getting processed by all BeanPostProcessors (for example: not eligible for auto-proxying)
2021-12-20 10:59:10.943 INFO  o.s.boot.web.embedded.tomcat.TomcatWebServer      :92   [32m                  [0;39m Tomcat initialized with port(s): 8880 (http)
2021-12-20 10:59:10.949 INFO  org.apache.coyote.http11.Http11NioProtocol        :173  [32m                  [0;39m Initializing ProtocolHandler ["http-nio-8880"]
2021-12-20 10:59:10.950 INFO  org.apache.catalina.core.StandardService          :173  [32m                  [0;39m Starting service [Tomcat]
2021-12-20 10:59:10.950 INFO  org.apache.catalina.core.StandardEngine           :173  [32m                  [0;39m Starting Servlet engine: [Apache Tomcat/9.0.27]
2021-12-20 10:59:11.012 INFO  o.a.c.core.ContainerBase.[Tomcat].[localhost].[/] :173  [32m                  [0;39m Initializing Spring embedded WebApplicationContext
2021-12-20 10:59:11.012 INFO  org.springframework.web.context.ContextLoader     :284  [32m                  [0;39m Root WebApplicationContext: initialization completed in 1373 ms
2021-12-20 10:59:11.155 INFO  com.zaxxer.hikari.HikariDataSource                :110  [32m                  [0;39m HikariPool-1 - Starting...
2021-12-20 10:59:11.296 INFO  com.zaxxer.hikari.HikariDataSource                :123  [32m                  [0;39m HikariPool-1 - Start completed.
2021-12-20 10:59:11.727 INFO  s.d.s.w.PropertySourcedRequestMappingHandlerMapping:69   [32m                  [0;39m Mapped URL path [/v2/api-docs] onto method [springfox.documentation.swagger2.web.Swagger2Controller#getDocumentation(String, HttpServletRequest)]
2021-12-20 10:59:11.789 INFO  o.s.scheduling.concurrent.ThreadPoolTaskExecutor  :171  [32m                  [0;39m Initializing ExecutorService 'applicationTaskExecutor'
2021-12-20 10:59:11.821 INFO  o.s.b.d.autoconfigure.OptionalLiveReloadServer    :58   [32m                  [0;39m LiveReload server is running on port 35729
2021-12-20 10:59:11.915 INFO  s.d.s.web.plugins.DocumentationPluginsBootstrapper:147  [32m                  [0;39m Context refreshed
2021-12-20 10:59:11.928 INFO  s.d.s.web.plugins.DocumentationPluginsBootstrapper:150  [32m                  [0;39m Found 1 custom documentation plugin(s)
2021-12-20 10:59:11.952 INFO  s.d.spring.web.scanners.ApiListingReferenceScanner:41   [32m                  [0;39m Scanning for api listing references
2021-12-20 10:59:12.083 INFO  s.d.s.w.r.operation.CachingOperationNameGenerator :40   [32m                  [0;39m Generating unique operation named: listUsingGET_1
2021-12-20 10:59:12.088 INFO  s.d.s.w.r.operation.CachingOperationNameGenerator :40   [32m                  [0;39m Generating unique operation named: saveUsingPOST_1
2021-12-20 10:59:12.108 INFO  org.apache.coyote.http11.Http11NioProtocol        :173  [32m                  [0;39m Starting ProtocolHandler ["http-nio-8880"]
2021-12-20 10:59:12.122 INFO  o.s.boot.web.embedded.tomcat.TomcatWebServer      :204  [32m                  [0;39m Tomcat started on port(s): 8880 (http) with context path ''
2021-12-20 10:59:12.124 INFO  com.chun.wiki.WikiApplication                     :61   [32m                  [0;39m Started WikiApplication in 2.915 seconds (JVM running for 3.507)
2021-12-20 10:59:12.126 INFO  com.chun.wiki.WikiApplication                     :22   [32m                  [0;39m 启动成功！！
2021-12-20 10:59:12.126 INFO  com.chun.wiki.WikiApplication                     :23   [32m                  [0;39m 地址: 	http://127.0.0.1:8880
